<?xml version='1.0' encoding='UTF-8' ?>
<testsuite name="com.nilhcem.xebia.hp.test" tests="4" failures="0" errors="0" time="24.325" timestamp="2014-11-02T14:42:10" hostname="localhost">
  <properties />
  <testcase name="testBuy1BookWithAMinusOffer" classname="com.nilhcem.xebia.hp.espresso.BooksListActivityTest" time="3.803" />
  <testcase name="testBuy3BooksWithAPercentageOffer" classname="com.nilhcem.xebia.hp.espresso.BooksListActivityTest" time="5.588" />
  <testcase name="testBuy4BooksWithASliceOffer" classname="com.nilhcem.xebia.hp.espresso.BooksListActivityTest" time="5.914" />
  <testcase name="testBuy7BooksWithASliceOffer" classname="com.nilhcem.xebia.hp.espresso.BooksListActivityTest" time="8.987" />
</testsuite>